\BOOKMARK [1][-]{section.1}{Presentation of the problem}{}% 1
\BOOKMARK [2][-]{subsection.1.1}{Context}{section.1}% 2
\BOOKMARK [2][-]{subsection.1.2}{Study from experinental outcomes and acquisition of images}{section.1}% 3
\BOOKMARK [2][-]{subsection.1.3}{Image processing}{section.1}% 4
\BOOKMARK [2][-]{subsection.1.4}{Goal of this work and expected results}{section.1}% 5
\BOOKMARK [2][-]{subsection.1.5}{Presentation of the report}{section.1}% 6
\BOOKMARK [1][-]{section.2}{Canny Edge Detection}{}% 7
\BOOKMARK [2][-]{subsection.2.1}{Noice reduction by Gaussian filter}{section.2}% 8
\BOOKMARK [2][-]{subsection.2.2}{Finding the intensity gradient of the image}{section.2}% 9
\BOOKMARK [2][-]{subsection.2.3}{Finding the intensity gradient of the image}{section.2}% 10
\BOOKMARK [2][-]{subsection.2.4}{Double threshold}{section.2}% 11
\BOOKMARK [2][-]{subsection.2.5}{Edge tracking by hysteresis}{section.2}% 12
\BOOKMARK [1][-]{section.3}{Hough transform}{}% 13
\BOOKMARK [2][-]{subsection.3.1}{Line detection}{section.3}% 14
\BOOKMARK [3][-]{subsubsection.3.1.1}{Hough space}{subsection.3.1}% 15
\BOOKMARK [3][-]{subsubsection.3.1.2}{Hough alorithm}{subsection.3.1}% 16
\BOOKMARK [2][-]{subsection.3.2}{Circle detection}{section.3}% 17
\BOOKMARK [1][-]{section.4}{Homography}{}% 18
\BOOKMARK [1][-]{section.5}{Thresholding}{}% 19
\BOOKMARK [2][-]{subsection.5.1}{Otsu method}{section.5}% 20
\BOOKMARK [1][-]{section.6}{Morphological Transformations}{}% 21
\BOOKMARK [2][-]{subsection.6.1}{Erosion}{section.6}% 22
\BOOKMARK [2][-]{subsection.6.2}{Dilatation}{section.6}% 23
\BOOKMARK [2][-]{subsection.6.3}{Examples of use}{section.6}% 24
\BOOKMARK [3][-]{subsubsection.6.3.1}{Opening}{subsection.6.3}% 25
\BOOKMARK [1][-]{section.7}{Return to the problem}{}% 26
\BOOKMARK [2][-]{subsection.7.1}{Trail extraction}{section.7}% 27
\BOOKMARK [2][-]{subsection.7.2}{Blocks detection}{section.7}% 28
\BOOKMARK [3][-]{subsubsection.7.2.1}{Strategy 1 : Watershed segmentation}{subsection.7.2}% 29
\BOOKMARK [3][-]{subsubsection.7.2.2}{Strategy 2 : Threshold and Contours}{subsection.7.2}% 30
\BOOKMARK [1][-]{section.8}{Python Application}{}% 31
